set -o pipefail; /usr/bin/mariadb-dump --user=_499a4a30007070b4 --host=127.0.0.1 --port=3306 --password=********** --single-transaction --quick --lock-tables=false _499a4a30007070b4 | /usr/bin/gzip >> ./erp-next.localhost/private/backups/20251028_113003-erp-next_localhost-database.sql.gz

Backup Summary for erp-next.localhost at 2025-10-28 11:30:04.662483
Config  : /home/ghild/erp-next/sites/erp-next.localhost/private/backups/20251028_113003-erp-next_localhost-site_config_backup.json 127.0B
Database: /home/ghild/erp-next/sites/erp-next.localhost/private/backups/20251028_113003-erp-next_localhost-database.sql.gz 822.3KiB
Backup for Site erp-next.localhost has been successfully completed
set -o pipefail; /usr/bin/mariadb-dump --user=_499a4a30007070b4 --host=127.0.0.1 --port=3306 --password=********** --single-transaction --quick --lock-tables=false _499a4a30007070b4 | /usr/bin/gzip >> ./erp-next.localhost/private/backups/20251028_173005-erp-next_localhost-database.sql.gz

Backup Summary for erp-next.localhost at 2025-10-28 17:30:06.629032
Config  : /home/ghild/erp-next/sites/erp-next.localhost/private/backups/20251028_173005-erp-next_localhost-site_config_backup.json 127.0B
Database: /home/ghild/erp-next/sites/erp-next.localhost/private/backups/20251028_173005-erp-next_localhost-database.sql.gz 837.0KiB
Backup for Site erp-next.localhost has been successfully completed
set -o pipefail; /usr/bin/mariadb-dump --user=_499a4a30007070b4 --host=127.0.0.1 --port=3306 --password=********** --single-transaction --quick --lock-tables=false _499a4a30007070b4 | /usr/bin/gzip >> ./erp-next.localhost/private/backups/20251029_113009-erp-next_localhost-database.sql.gz

Backup Summary for erp-next.localhost at 2025-10-29 11:30:10.673025
Config  : /home/ghild/erp-next/sites/erp-next.localhost/private/backups/20251029_113009-erp-next_localhost-site_config_backup.json 127.0B
Database: /home/ghild/erp-next/sites/erp-next.localhost/private/backups/20251029_113009-erp-next_localhost-database.sql.gz 845.6KiB
Backup for Site erp-next.localhost has been successfully completed
set -o pipefail; /usr/bin/mariadb-dump --user=_499a4a30007070b4 --host=127.0.0.1 --port=3306 --password=********** --single-transaction --quick --lock-tables=false _499a4a30007070b4 | /usr/bin/gzip >> ./erp-next.localhost/private/backups/20251030_113004-erp-next_localhost-database.sql.gz

Backup Summary for erp-next.localhost at 2025-10-30 11:30:06.519032
Config  : /home/ghild/erp-next/sites/erp-next.localhost/private/backups/20251030_113004-erp-next_localhost-site_config_backup.json 127.0B
Database: /home/ghild/erp-next/sites/erp-next.localhost/private/backups/20251030_113004-erp-next_localhost-database.sql.gz 856.2KiB
Backup for Site erp-next.localhost has been successfully completed
set -o pipefail; /usr/bin/mariadb-dump --user=_499a4a30007070b4 --host=127.0.0.1 --port=3306 --password=********** --single-transaction --quick --lock-tables=false _499a4a30007070b4 | /usr/bin/gzip >> ./erp-next.localhost/private/backups/20251030_173005-erp-next_localhost-database.sql.gz

Backup Summary for erp-next.localhost at 2025-10-30 17:30:07.624586
Config  : /home/ghild/erp-next/sites/erp-next.localhost/private/backups/20251030_173005-erp-next_localhost-site_config_backup.json 194.0B
Database: /home/ghild/erp-next/sites/erp-next.localhost/private/backups/20251030_173005-erp-next_localhost-database.sql.gz 877.3KiB
Backup for Site erp-next.localhost has been successfully completed
set -o pipefail; /usr/bin/mariadb-dump --user=_499a4a30007070b4 --host=127.0.0.1 --port=3306 --password=********** --single-transaction --quick --lock-tables=false _499a4a30007070b4 | /usr/bin/gzip >> ./erp-next.localhost/private/backups/20251031_113005-erp-next_localhost-database.sql.gz

Backup Summary for erp-next.localhost at 2025-10-31 11:30:07.254854
Config  : /home/ghild/erp-next/sites/erp-next.localhost/private/backups/20251031_113005-erp-next_localhost-site_config_backup.json 194.0B
Database: /home/ghild/erp-next/sites/erp-next.localhost/private/backups/20251031_113005-erp-next_localhost-database.sql.gz 882.6KiB
Backup for Site erp-next.localhost has been successfully completed
set -o pipefail; /usr/bin/mariadb-dump --user=_499a4a30007070b4 --host=127.0.0.1 --port=3306 --password=********** --single-transaction --quick --lock-tables=false _499a4a30007070b4 | /usr/bin/gzip >> ./erp-next.localhost/private/backups/20251031_173002-erp-next_localhost-database.sql.gz

Backup Summary for erp-next.localhost at 2025-10-31 17:30:03.799320
Config  : /home/ghild/erp-next/sites/erp-next.localhost/private/backups/20251031_173002-erp-next_localhost-site_config_backup.json 194.0B
Database: /home/ghild/erp-next/sites/erp-next.localhost/private/backups/20251031_173002-erp-next_localhost-database.sql.gz 886.2KiB
Backup for Site erp-next.localhost has been successfully completed
set -o pipefail; /usr/bin/mariadb-dump --user=_499a4a30007070b4 --host=127.0.0.1 --port=3306 --password=********** --single-transaction --quick --lock-tables=false _499a4a30007070b4 | /usr/bin/gzip >> ./erp-next.localhost/private/backups/20251103_113008-erp-next_localhost-database.sql.gz

Backup Summary for erp-next.localhost at 2025-11-03 11:30:10.038706
Config  : /home/ghild/erp-next/sites/erp-next.localhost/private/backups/20251103_113008-erp-next_localhost-site_config_backup.json 194.0B
Database: /home/ghild/erp-next/sites/erp-next.localhost/private/backups/20251103_113008-erp-next_localhost-database.sql.gz 899.1KiB
Backup for Site erp-next.localhost has been successfully completed
set -o pipefail; /usr/bin/mariadb-dump --user=_499a4a30007070b4 --host=127.0.0.1 --port=3306 --password=********** --single-transaction --quick --lock-tables=false _499a4a30007070b4 | /usr/bin/gzip >> ./erp-next.localhost/private/backups/20251103_173005-erp-next_localhost-database.sql.gz

Backup Summary for erp-next.localhost at 2025-11-03 17:30:08.223937
Config  : /home/ghild/erp-next/sites/erp-next.localhost/private/backups/20251103_173005-erp-next_localhost-site_config_backup.json 194.0B
Database: /home/ghild/erp-next/sites/erp-next.localhost/private/backups/20251103_173005-erp-next_localhost-database.sql.gz 907.6KiB
Backup for Site erp-next.localhost has been successfully completed
set -o pipefail; /usr/bin/mariadb-dump --user=_499a4a30007070b4 --host=127.0.0.1 --port=3306 --password=********** --single-transaction --quick --lock-tables=false _499a4a30007070b4 | /usr/bin/gzip >> ./erp-next.localhost/private/backups/20251104_113002-erp-next_localhost-database.sql.gz

Backup Summary for erp-next.localhost at 2025-11-04 11:30:03.913867
Config  : /home/ghild/erp-next/sites/erp-next.localhost/private/backups/20251104_113002-erp-next_localhost-site_config_backup.json 194.0B
Database: /home/ghild/erp-next/sites/erp-next.localhost/private/backups/20251104_113002-erp-next_localhost-database.sql.gz 924.3KiB
Backup for Site erp-next.localhost has been successfully completed
set -o pipefail; /usr/bin/mariadb-dump --user=_499a4a30007070b4 --host=127.0.0.1 --port=3306 --password=********** --single-transaction --quick --lock-tables=false _499a4a30007070b4 | /usr/bin/gzip >> ./erp-next.localhost/private/backups/20251107_113004-erp-next_localhost-database.sql.gz

Backup Summary for erp-next.localhost at 2025-11-07 11:30:06.628817
Config  : /home/ghild/erp-next/sites/erp-next.localhost/private/backups/20251107_113004-erp-next_localhost-site_config_backup.json 194.0B
Database: /home/ghild/erp-next/sites/erp-next.localhost/private/backups/20251107_113004-erp-next_localhost-database.sql.gz 921.2KiB
Backup for Site erp-next.localhost has been successfully completed
set -o pipefail; /usr/bin/mariadb-dump --user=_499a4a30007070b4 --host=127.0.0.1 --port=3306 --password=********** --single-transaction --quick --lock-tables=false _499a4a30007070b4 | /usr/bin/gzip >> ./erp-next.localhost/private/backups/20251107_173005-erp-next_localhost-database.sql.gz

Backup Summary for erp-next.localhost at 2025-11-07 17:30:07.445581
Config  : /home/ghild/erp-next/sites/erp-next.localhost/private/backups/20251107_173005-erp-next_localhost-site_config_backup.json 216.0B
Database: /home/ghild/erp-next/sites/erp-next.localhost/private/backups/20251107_173005-erp-next_localhost-database.sql.gz 929.7KiB
Backup for Site erp-next.localhost has been successfully completed
set -o pipefail; /usr/bin/mariadb-dump --user=_499a4a30007070b4 --host=127.0.0.1 --port=3306 --password=********** --single-transaction --quick --lock-tables=false _499a4a30007070b4 | /usr/bin/gzip >> ./erp-next.localhost/private/backups/20251107_233006-erp-next_localhost-database.sql.gz

Backup Summary for erp-next.localhost at 2025-11-07 23:30:07.953524
Config  : /home/ghild/erp-next/sites/erp-next.localhost/private/backups/20251107_233006-erp-next_localhost-site_config_backup.json 216.0B
Database: /home/ghild/erp-next/sites/erp-next.localhost/private/backups/20251107_233006-erp-next_localhost-database.sql.gz 931.2KiB
Backup for Site erp-next.localhost has been successfully completed
set -o pipefail; /usr/bin/mariadb-dump --user=_499a4a30007070b4 --host=127.0.0.1 --port=3306 --password=********** --single-transaction --quick --lock-tables=false _499a4a30007070b4 | /usr/bin/gzip >> ./erp-next.localhost/private/backups/20251110_173005-erp-next_localhost-database.sql.gz

Backup Summary for erp-next.localhost at 2025-11-10 17:30:09.649117
Config  : /home/ghild/erp-next/sites/erp-next.localhost/private/backups/20251110_173005-erp-next_localhost-site_config_backup.json 216.0B
Database: /home/ghild/erp-next/sites/erp-next.localhost/private/backups/20251110_173005-erp-next_localhost-database.sql.gz 953.4KiB
Backup for Site erp-next.localhost has been successfully completed
set -o pipefail; /usr/bin/mariadb-dump --user=_499a4a30007070b4 --host=127.0.0.1 --port=3306 --password=********** --single-transaction --quick --lock-tables=false _499a4a30007070b4 | /usr/bin/gzip >> ./erp-next.localhost/private/backups/20251111_113035-erp-next_localhost-database.sql.gz

Backup Summary for erp-next.localhost at 2025-11-11 11:30:39.409083
Config  : /home/ghild/erp-next/sites/erp-next.localhost/private/backups/20251111_113035-erp-next_localhost-site_config_backup.json 216.0B
Database: /home/ghild/erp-next/sites/erp-next.localhost/private/backups/20251111_113035-erp-next_localhost-database.sql.gz 949.2KiB
Backup for Site erp-next.localhost has been successfully completed
